<?xml version="1.0" encoding="UTF-8"?>
<!-- Generated by org.testng.reporters.JUnitReportReporter -->
<testsuite hostname="DESKTOP-F61V6EB" failures="0" tests="1" name="Test.NaukriTest" time="59.222" errors="0" timestamp="2023-07-07T14:04:08 PDT" skipped="0">
  <testcase classname="Test.NaukriTest" name="testing" time="59.222"/>
  <system-out/>
</testsuite> <!-- Test.NaukriTest -->
